[1.564s] Invoking command in '/home/keny/MANOS_ws/src/castelet': PYTHONPATH=/home/keny/MANOS_ws/build/castelet/prefix_override:/home/keny/MANOS_ws/install/castelet/lib/python3.8/site-packages:/home/keny/MANOS_ws/install/custom_msg/lib/python3.8/site-packages:/home/keny/MANOS_ws/install/py_launch_example/lib/python3.8/site-packages:/home/keny/MANOS_ws/install/manos_launch/lib/python3.8/site-packages:/home/keny/MANOS_ws/install/launch/lib/python3.8/site-packages:/home/keny/MANOS_ws/install/host_listener_package/lib/python3.8/site-packages:/home/keny/MANOS_ws/install/hand_detector_package/lib/python3.8/site-packages:/home/keny/MANOS_ws/install/hand_detector/lib/python3.8/site-packages:/home/keny/MANOS_ws/install/castelet/lib/python3.8/site-packages:/home/keny/MANOS_ws/install/camera/lib/python3.8/site-packages:/opt/ros/galactic/lib/python3.8/site-packages /usr/bin/python3 setup.py egg_info --egg-base ../../build/castelet build --build-base /home/keny/MANOS_ws/build/castelet/build install --record /home/keny/MANOS_ws/build/castelet/install.log --single-version-externally-managed
[1.671s] Traceback (most recent call last):
[1.671s]   File "/usr/lib/python3/dist-packages/pkg_resources/_vendor/packaging/version.py", line 31, in parse
[1.674s]     return Version(version)
[1.674s]   File "/usr/lib/python3/dist-packages/pkg_resources/_vendor/packaging/version.py", line 202, in __init__
[1.676s]     raise InvalidVersion("Invalid version: '{0}'".format(version))
[1.677s] pkg_resources.extern.packaging.version.InvalidVersion: Invalid version: '.egg-info'
[1.677s] 
[1.677s] During handling of the above exception, another exception occurred:
[1.677s] 
[1.677s] Traceback (most recent call last):
[1.677s]   File "setup.py", line 1, in <module>
[1.677s]     from setuptools import setup
[1.677s]   File "/usr/lib/python3/dist-packages/setuptools/__init__.py", line 17, in <module>
[1.678s]     import setuptools.version
[1.678s]   File "/usr/lib/python3/dist-packages/setuptools/version.py", line 1, in <module>
[1.678s]     import pkg_resources
[1.678s]   File "/usr/lib/python3/dist-packages/pkg_resources/__init__.py", line 3254, in <module>
[1.679s]     def _initialize_master_working_set():
[1.679s]   File "/usr/lib/python3/dist-packages/pkg_resources/__init__.py", line 3237, in _call_aside
[1.680s]     f(*args, **kwargs)
[1.680s]   File "/usr/lib/python3/dist-packages/pkg_resources/__init__.py", line 3266, in _initialize_master_working_set
[1.682s]     working_set = WorkingSet._build_master()
[1.682s]   File "/usr/lib/python3/dist-packages/pkg_resources/__init__.py", line 575, in _build_master
[1.682s]     ws = cls()
[1.682s]   File "/usr/lib/python3/dist-packages/pkg_resources/__init__.py", line 568, in __init__
[1.682s]     self.add_entry(entry)
[1.682s]   File "/usr/lib/python3/dist-packages/pkg_resources/__init__.py", line 624, in add_entry
[1.683s]     for dist in find_distributions(entry, True):
[1.683s]   File "/usr/lib/python3/dist-packages/pkg_resources/__init__.py", line 2062, in find_on_path
[1.684s]     path_item_entries = _by_version_descending(filtered)
[1.685s]   File "/usr/lib/python3/dist-packages/pkg_resources/__init__.py", line 2035, in _by_version_descending
[1.686s]     return sorted(names, key=_by_version, reverse=True)
[1.686s]   File "/usr/lib/python3/dist-packages/pkg_resources/__init__.py", line 2033, in _by_version
[1.686s]     return [packaging.version.parse(part) for part in parts]
[1.686s]   File "/usr/lib/python3/dist-packages/pkg_resources/__init__.py", line 2033, in <listcomp>
[1.689s]     return [packaging.version.parse(part) for part in parts]
[1.689s]   File "/usr/lib/python3/dist-packages/pkg_resources/_vendor/packaging/version.py", line 33, in parse
[1.690s]     return LegacyVersion(version)
[1.690s]   File "/usr/lib/python3/dist-packages/pkg_resources/_vendor/packaging/version.py", line 76, in __init__
[1.690s]     self._key = _legacy_cmpkey(self._version)
[1.690s]   File "/usr/lib/python3/dist-packages/pkg_resources/_vendor/packaging/version.py", line 141, in _legacy_cmpkey
[1.690s]     for part in _parse_version_parts(version.lower()):
[1.690s]   File "/usr/lib/python3/dist-packages/pkg_resources/_vendor/packaging/version.py", line 115, in _parse_version_parts
[1.691s]     for part in _legacy_version_component_re.split(s):
[1.691s] KeyboardInterrupt
